<?xml version="1.0" encoding="UTF-8" ?>
<testsuite tests="1" failures="1" name="com.trantor.demo.test.LoginTest" time="19.262" errors="0" skipped="0">
  <properties>
[...]
</properties>
  <testcase classname="com.trantor.demo.test.LoginTest" name="testLoginFunctionality" time="19.262">
    <failure message="We need to verify &apos;Punched Out&apos;, however the UI is displaying: Punched Out expected:&lt;null&gt; but was:&lt;Punched Out&gt;" type="java.lang.AssertionError">java.lang.AssertionError: We need to verify &apos;Punched Out&apos;, however the UI is displaying: Punched Out expected:&lt;null&gt; but was:&lt;Punched Out&gt;
	at org.junit.Assert.fail(Assert.java:89)
	at org.junit.Assert.failNotEquals(Assert.java:835)
	at org.junit.Assert.assertEquals(Assert.java:120)
	at com.trantor.demo.test.LoginTest.testLoginFunctionality(LoginTest.java:42)
	at java.base/jdk.internal.reflect.NativeMethodAccessorImpl.invoke0(Native Method)
	at java.base/jdk.internal.reflect.NativeMethodAccessorImpl.invoke(NativeMethodAccessorImpl.java:78)
	at java.base/jdk.internal.reflect.DelegatingMethodAccessorImpl.invoke(DelegatingMethodAccessorImpl.java:43)
	at java.base/java.lang.reflect.Method.invoke(Method.java:567)
	at org.junit.runners.model.FrameworkMethod$1.runReflectiveCall(FrameworkMethod.java:59)
	at org.junit.internal.runners.model.ReflectiveCallable.run(ReflectiveCallable.java:12)
	at org.junit.runners.model.FrameworkMethod.invokeExplosively(FrameworkMethod.java:56)
	at org.junit.internal.runners.statements.InvokeMethod.evaluate(InvokeMethod.java:17)
	at org.junit.internal.runners.statements.RunBefores.evaluate(RunBefores.java:26)
	at org.junit.internal.runners.statements.RunAfters.evaluate(RunAfters.java:27)
	at org.junit.runners.ParentRunner$3.evaluate(ParentRunner.java:306)
	at org.junit.runners.BlockJUnit4ClassRunner$1.evaluate(BlockJUnit4ClassRunner.java:100)
	at org.junit.runners.ParentRunner.runLeaf(ParentRunner.java:366)
	at org.junit.runners.BlockJUnit4ClassRunner.runChild(BlockJUnit4ClassRunner.java:103)
	at org.junit.runners.BlockJUnit4ClassRunner.runChild(BlockJUnit4ClassRunner.java:63)
	at org.junit.runners.ParentRunner$4.run(ParentRunner.java:331)
	at org.junit.runners.ParentRunner$1.schedule(ParentRunner.java:79)
	at org.junit.runners.ParentRunner.runChildren(ParentRunner.java:329)
	at org.junit.runners.ParentRunner.access$100(ParentRunner.java:66)
	at org.junit.runners.ParentRunner$2.evaluate(ParentRunner.java:293)
	at org.junit.runners.ParentRunner$3.evaluate(ParentRunner.java:306)
	at org.junit.runners.ParentRunner.run(ParentRunner.java:413)
	at org.apache.maven.surefire.junit4.JUnit4Provider.execute(JUnit4Provider.java:252)
	at org.apache.maven.surefire.junit4.JUnit4Provider.executeTestSet(JUnit4Provider.java:141)
	at org.apache.maven.surefire.junit4.JUnit4Provider.invoke(JUnit4Provider.java:112)
	at java.base/jdk.internal.reflect.NativeMethodAccessorImpl.invoke0(Native Method)
	at java.base/jdk.internal.reflect.NativeMethodAccessorImpl.invoke(NativeMethodAccessorImpl.java:78)
	at java.base/jdk.internal.reflect.DelegatingMethodAccessorImpl.invoke(DelegatingMethodAccessorImpl.java:43)
	at java.base/java.lang.reflect.Method.invoke(Method.java:567)
	at org.apache.maven.surefire.util.ReflectionUtils.invokeMethodWithArray(ReflectionUtils.java:189)
	at org.apache.maven.surefire.booter.ProviderFactory$ProviderProxy.invoke(ProviderFactory.java:165)
	at org.apache.maven.surefire.booter.ProviderFactory.invokeProvider(ProviderFactory.java:85)
	at org.apache.maven.surefire.booter.ForkedBooter.runSuitesInProcess(ForkedBooter.java:115)
	at org.apache.maven.surefire.booter.ForkedBooter.main(ForkedBooter.java:75)
</failure>
    <system-out>&apos;Time at work&apos; is displayed: true
</system-out>
    <system-err>Dec 07, 2022 8:29:24 PM com.trantor.demo.base.Base initializeWebDriver
INFO: Initializing driver ...
SLF4J: No SLF4J providers were found.
SLF4J: Defaulting to no-operation (NOP) logger implementation
SLF4J: See https://www.slf4j.org/codes.html#noProviders for further details.
Starting ChromeDriver 108.0.5359.71 (1e0e3868ee06e91ad636a874420e3ca3ae3756ac-refs/branch-heads/5359@{#1016}) on port 9107
Only local connections are allowed.
Please see https://chromedriver.chromium.org/security-considerations for suggestions on keeping ChromeDriver safe.
ChromeDriver was started successfully.
Dec 07, 2022 8:29:27 PM org.openqa.selenium.devtools.CdpVersionFinder findNearestMatch
WARNING: Unable to find an exact match for CDP version 108, so returning the closest version found: 107
Dec 07, 2022 8:29:27 PM com.trantor.demo.base.Base openUrl
INFO: The URL is: https://opensource-demo.orangehrmlive.com/web/index.php/auth/login
Dec 07, 2022 8:29:32 PM com.trantor.demo.base.Base sleepForMiliSecs
SEVERE: Waiting for : 5000 ms
Dec 07, 2022 8:29:37 PM com.trantor.demo.pageobject.LoginPage typeUsername
INFO: Typing username: Admin
Dec 07, 2022 8:29:37 PM com.trantor.demo.pageobject.LoginPage typePassword
INFO: Typing password: admin123
Dec 07, 2022 8:29:37 PM com.trantor.demo.pageobject.LoginPage clickLoginButton
INFO: Clicking login button
Dec 07, 2022 8:29:37 PM com.trantor.demo.base.Base sleepForMiliSecs
SEVERE: Waiting for : 5000 ms
Dec 07, 2022 8:29:43 PM com.trantor.demo.pageobject.DashboardPage verifyMyActionsHeader1
INFO: Fetching &apos;My Action Header&apos; text from UI
Dec 07, 2022 8:29:43 PM com.trantor.demo.base.Base killDriver
INFO: Destroying the web driver
</system-err>
  </testcase>
</testsuite>